[26-Jan-2021 09:16:07 UTC] PHP Notice:  Undefined variable: course_id in /var/www/app/wp-content/themes/masterstudy-child/front-page.php on line 74
[26-Jan-2021 09:16:07 UTC] PHP Notice:  Undefined variable: user_id in /var/www/app/wp-content/themes/masterstudy-child/navi.php on line 19
[26-Jan-2021 09:16:07 UTC] PHP Notice:  Undefined variable: course_id in /var/www/app/wp-content/themes/masterstudy-child/front-page.php on line 326
[26-Jan-2021 09:16:07 UTC] PHP Notice:  Undefined variable: course_id in /var/www/app/wp-content/themes/masterstudy-child/front-page.php on line 327
[26-Jan-2021 09:16:07 UTC] PHP Notice:  Undefined variable: course_id in /var/www/app/wp-content/themes/masterstudy-child/front-page.php on line 326
[26-Jan-2021 09:16:07 UTC] PHP Notice:  Undefined variable: course_id in /var/www/app/wp-content/themes/masterstudy-child/front-page.php on line 327
[26-Jan-2021 09:16:07 UTC] PHP Notice:  Undefined variable: course_id in /var/www/app/wp-content/themes/masterstudy-child/front-page.php on line 326
[26-Jan-2021 09:16:07 UTC] PHP Notice:  Undefined variable: course_id in /var/www/app/wp-content/themes/masterstudy-child/front-page.php on line 327
[26-Jan-2021 09:16:07 UTC] PHP Notice:  Undefined variable: course_id in /var/www/app/wp-content/themes/masterstudy-child/front-page.php on line 326
[26-Jan-2021 09:16:07 UTC] PHP Notice:  Undefined variable: course_id in /var/www/app/wp-content/themes/masterstudy-child/front-page.php on line 327
[26-Jan-2021 09:16:07 UTC] PHP Deprecated:  wp_make_content_images_responsive is <strong>deprecated</strong> since version 5.5.0! Use wp_filter_content_tags() instead. in /var/www/app/wp-includes/functions.php on line 4777
[26-Jan-2021 09:16:07 UTC] PHP Deprecated:  wp_make_content_images_responsive is <strong>deprecated</strong> since version 5.5.0! Use wp_filter_content_tags() instead. in /var/www/app/wp-includes/functions.php on line 4777
[26-Jan-2021 09:16:07 UTC] PHP Deprecated:  wp_make_content_images_responsive is <strong>deprecated</strong> since version 5.5.0! Use wp_filter_content_tags() instead. in /var/www/app/wp-includes/functions.php on line 4777
[26-Jan-2021 09:16:07 UTC] PHP Warning:  getimagesize(/var/www/app/wp-content/uploads/2021/01/94e39890-03-may-beauty-trend.jpg): failed to open stream: No such file or directory in /var/www/app/wp-content/plugins/stm-post-type/theme/crop-images.php on line 19
[26-Jan-2021 09:16:07 UTC] PHP Warning:  getimagesize(/var/www/app/wp-content/uploads/2021/01/94e39890-03-may-beauty-trend.jpg): failed to open stream: No such file or directory in /var/www/app/wp-content/plugins/stm-post-type/theme/crop-images.php on line 19
[26-Jan-2021 09:16:07 UTC] PHP Warning:  getimagesize(/var/www/app/wp-content/uploads/2021/01/94e39890-03-may-beauty-trend.jpg): failed to open stream: No such file or directory in /var/www/app/wp-content/plugins/stm-post-type/theme/crop-images.php on line 19
[26-Jan-2021 09:16:07 UTC] PHP Warning:  getimagesize(/var/www/app/wp-content/uploads/2021/01/ae90c565-05-may-natural-beauty.jpg): failed to open stream: No such file or directory in /var/www/app/wp-content/plugins/stm-post-type/theme/crop-images.php on line 19
[26-Jan-2021 09:16:07 UTC] PHP Warning:  getimagesize(/var/www/app/wp-content/uploads/2021/01/ae90c565-05-may-natural-beauty.jpg): failed to open stream: No such file or directory in /var/www/app/wp-content/plugins/stm-post-type/theme/crop-images.php on line 19
[26-Jan-2021 09:16:07 UTC] PHP Warning:  getimagesize(/var/www/app/wp-content/uploads/2021/01/ae90c565-05-may-natural-beauty.jpg): failed to open stream: No such file or directory in /var/www/app/wp-content/plugins/stm-post-type/theme/crop-images.php on line 19
[26-Jan-2021 09:16:07 UTC] PHP Warning:  getimagesize(/var/www/app/wp-content/uploads/2021/01/c1d69b8a-07-may-injection.jpg): failed to open stream: No such file or directory in /var/www/app/wp-content/plugins/stm-post-type/theme/crop-images.php on line 19
[26-Jan-2021 09:16:07 UTC] PHP Warning:  getimagesize(/var/www/app/wp-content/uploads/2021/01/c1d69b8a-07-may-injection.jpg): failed to open stream: No such file or directory in /var/www/app/wp-content/plugins/stm-post-type/theme/crop-images.php on line 19
[26-Jan-2021 09:16:07 UTC] PHP Warning:  getimagesize(/var/www/app/wp-content/uploads/2021/01/c1d69b8a-07-may-injection.jpg): failed to open stream: No such file or directory in /var/www/app/wp-content/plugins/stm-post-type/theme/crop-images.php on line 19
[26-Jan-2021 09:16:07 UTC] PHP Parse error:  syntax error, unexpected end of file in /var/www/app/wp-content/themes/masterstudy-child/footer.php on line 717
[26-Jan-2021 09:16:20 UTC] PHP Notice:  Undefined variable: course_id in /var/www/app/wp-content/themes/masterstudy-child/front-page.php on line 74
[26-Jan-2021 09:16:20 UTC] PHP Notice:  Undefined variable: user_id in /var/www/app/wp-content/themes/masterstudy-child/navi.php on line 19
[26-Jan-2021 09:16:20 UTC] PHP Notice:  Undefined variable: course_id in /var/www/app/wp-content/themes/masterstudy-child/front-page.php on line 326
[26-Jan-2021 09:16:20 UTC] PHP Notice:  Undefined variable: course_id in /var/www/app/wp-content/themes/masterstudy-child/front-page.php on line 327
[26-Jan-2021 09:16:20 UTC] PHP Notice:  Undefined variable: course_id in /var/www/app/wp-content/themes/masterstudy-child/front-page.php on line 326
[26-Jan-2021 09:16:20 UTC] PHP Notice:  Undefined variable: course_id in /var/www/app/wp-content/themes/masterstudy-child/front-page.php on line 327
[26-Jan-2021 09:16:20 UTC] PHP Notice:  Undefined variable: course_id in /var/www/app/wp-content/themes/masterstudy-child/front-page.php on line 326
[26-Jan-2021 09:16:20 UTC] PHP Notice:  Undefined variable: course_id in /var/www/app/wp-content/themes/masterstudy-child/front-page.php on line 327
[26-Jan-2021 09:16:20 UTC] PHP Notice:  Undefined variable: course_id in /var/www/app/wp-content/themes/masterstudy-child/front-page.php on line 326
[26-Jan-2021 09:16:20 UTC] PHP Notice:  Undefined variable: course_id in /var/www/app/wp-content/themes/masterstudy-child/front-page.php on line 327
[26-Jan-2021 09:16:20 UTC] PHP Deprecated:  wp_make_content_images_responsive is <strong>deprecated</strong> since version 5.5.0! Use wp_filter_content_tags() instead. in /var/www/app/wp-includes/functions.php on line 4777
[26-Jan-2021 09:16:20 UTC] PHP Deprecated:  wp_make_content_images_responsive is <strong>deprecated</strong> since version 5.5.0! Use wp_filter_content_tags() instead. in /var/www/app/wp-includes/functions.php on line 4777
[26-Jan-2021 09:16:20 UTC] PHP Deprecated:  wp_make_content_images_responsive is <strong>deprecated</strong> since version 5.5.0! Use wp_filter_content_tags() instead. in /var/www/app/wp-includes/functions.php on line 4777
[26-Jan-2021 09:16:20 UTC] PHP Warning:  getimagesize(/var/www/app/wp-content/uploads/2021/01/94e39890-03-may-beauty-trend.jpg): failed to open stream: No such file or directory in /var/www/app/wp-content/plugins/stm-post-type/theme/crop-images.php on line 19
[26-Jan-2021 09:16:20 UTC] PHP Warning:  getimagesize(/var/www/app/wp-content/uploads/2021/01/94e39890-03-may-beauty-trend.jpg): failed to open stream: No such file or directory in /var/www/app/wp-content/plugins/stm-post-type/theme/crop-images.php on line 19
[26-Jan-2021 09:16:20 UTC] PHP Warning:  getimagesize(/var/www/app/wp-content/uploads/2021/01/94e39890-03-may-beauty-trend.jpg): failed to open stream: No such file or directory in /var/www/app/wp-content/plugins/stm-post-type/theme/crop-images.php on line 19
[26-Jan-2021 09:16:20 UTC] PHP Warning:  getimagesize(/var/www/app/wp-content/uploads/2021/01/ae90c565-05-may-natural-beauty.jpg): failed to open stream: No such file or directory in /var/www/app/wp-content/plugins/stm-post-type/theme/crop-images.php on line 19
[26-Jan-2021 09:16:20 UTC] PHP Warning:  getimagesize(/var/www/app/wp-content/uploads/2021/01/ae90c565-05-may-natural-beauty.jpg): failed to open stream: No such file or directory in /var/www/app/wp-content/plugins/stm-post-type/theme/crop-images.php on line 19
[26-Jan-2021 09:16:20 UTC] PHP Warning:  getimagesize(/var/www/app/wp-content/uploads/2021/01/ae90c565-05-may-natural-beauty.jpg): failed to open stream: No such file or directory in /var/www/app/wp-content/plugins/stm-post-type/theme/crop-images.php on line 19
[26-Jan-2021 09:16:20 UTC] PHP Warning:  getimagesize(/var/www/app/wp-content/uploads/2021/01/c1d69b8a-07-may-injection.jpg): failed to open stream: No such file or directory in /var/www/app/wp-content/plugins/stm-post-type/theme/crop-images.php on line 19
[26-Jan-2021 09:16:20 UTC] PHP Warning:  getimagesize(/var/www/app/wp-content/uploads/2021/01/c1d69b8a-07-may-injection.jpg): failed to open stream: No such file or directory in /var/www/app/wp-content/plugins/stm-post-type/theme/crop-images.php on line 19
[26-Jan-2021 09:16:20 UTC] PHP Warning:  getimagesize(/var/www/app/wp-content/uploads/2021/01/c1d69b8a-07-may-injection.jpg): failed to open stream: No such file or directory in /var/www/app/wp-content/plugins/stm-post-type/theme/crop-images.php on line 19
[26-Jan-2021 09:16:20 UTC] PHP Parse error:  syntax error, unexpected end of file in /var/www/app/wp-content/themes/masterstudy-child/footer.php on line 717
[26-Jan-2021 09:33:28 UTC] PHP Notice:  Undefined variable: course_id in /var/www/app/wp-content/themes/masterstudy-child/front-page.php on line 74
[26-Jan-2021 09:33:28 UTC] PHP Notice:  Undefined variable: user_id in /var/www/app/wp-content/themes/masterstudy-child/navi.php on line 19
[26-Jan-2021 09:33:28 UTC] PHP Notice:  Undefined variable: course_id in /var/www/app/wp-content/themes/masterstudy-child/front-page.php on line 326
[26-Jan-2021 09:33:28 UTC] PHP Notice:  Undefined variable: course_id in /var/www/app/wp-content/themes/masterstudy-child/front-page.php on line 327
[26-Jan-2021 09:33:28 UTC] PHP Notice:  Undefined variable: course_id in /var/www/app/wp-content/themes/masterstudy-child/front-page.php on line 326
[26-Jan-2021 09:33:28 UTC] PHP Notice:  Undefined variable: course_id in /var/www/app/wp-content/themes/masterstudy-child/front-page.php on line 327
[26-Jan-2021 09:33:28 UTC] PHP Notice:  Undefined variable: course_id in /var/www/app/wp-content/themes/masterstudy-child/front-page.php on line 326
[26-Jan-2021 09:33:28 UTC] PHP Notice:  Undefined variable: course_id in /var/www/app/wp-content/themes/masterstudy-child/front-page.php on line 327
[26-Jan-2021 09:33:28 UTC] PHP Notice:  Undefined variable: course_id in /var/www/app/wp-content/themes/masterstudy-child/front-page.php on line 326
[26-Jan-2021 09:33:28 UTC] PHP Notice:  Undefined variable: course_id in /var/www/app/wp-content/themes/masterstudy-child/front-page.php on line 327
[26-Jan-2021 09:33:28 UTC] PHP Deprecated:  wp_make_content_images_responsive is <strong>deprecated</strong> since version 5.5.0! Use wp_filter_content_tags() instead. in /var/www/app/wp-includes/functions.php on line 4777
[26-Jan-2021 09:33:28 UTC] PHP Deprecated:  wp_make_content_images_responsive is <strong>deprecated</strong> since version 5.5.0! Use wp_filter_content_tags() instead. in /var/www/app/wp-includes/functions.php on line 4777
[26-Jan-2021 09:33:28 UTC] PHP Deprecated:  wp_make_content_images_responsive is <strong>deprecated</strong> since version 5.5.0! Use wp_filter_content_tags() instead. in /var/www/app/wp-includes/functions.php on line 4777
[26-Jan-2021 09:33:28 UTC] PHP Warning:  getimagesize(/var/www/app/wp-content/uploads/2021/01/94e39890-03-may-beauty-trend.jpg): failed to open stream: No such file or directory in /var/www/app/wp-content/plugins/stm-post-type/theme/crop-images.php on line 19
[26-Jan-2021 09:33:28 UTC] PHP Warning:  getimagesize(/var/www/app/wp-content/uploads/2021/01/94e39890-03-may-beauty-trend.jpg): failed to open stream: No such file or directory in /var/www/app/wp-content/plugins/stm-post-type/theme/crop-images.php on line 19
[26-Jan-2021 09:33:28 UTC] PHP Warning:  getimagesize(/var/www/app/wp-content/uploads/2021/01/94e39890-03-may-beauty-trend.jpg): failed to open stream: No such file or directory in /var/www/app/wp-content/plugins/stm-post-type/theme/crop-images.php on line 19
[26-Jan-2021 09:33:28 UTC] PHP Warning:  getimagesize(/var/www/app/wp-content/uploads/2021/01/ae90c565-05-may-natural-beauty.jpg): failed to open stream: No such file or directory in /var/www/app/wp-content/plugins/stm-post-type/theme/crop-images.php on line 19
[26-Jan-2021 09:33:28 UTC] PHP Warning:  getimagesize(/var/www/app/wp-content/uploads/2021/01/ae90c565-05-may-natural-beauty.jpg): failed to open stream: No such file or directory in /var/www/app/wp-content/plugins/stm-post-type/theme/crop-images.php on line 19
[26-Jan-2021 09:33:28 UTC] PHP Warning:  getimagesize(/var/www/app/wp-content/uploads/2021/01/ae90c565-05-may-natural-beauty.jpg): failed to open stream: No such file or directory in /var/www/app/wp-content/plugins/stm-post-type/theme/crop-images.php on line 19
[26-Jan-2021 09:33:28 UTC] PHP Warning:  getimagesize(/var/www/app/wp-content/uploads/2021/01/c1d69b8a-07-may-injection.jpg): failed to open stream: No such file or directory in /var/www/app/wp-content/plugins/stm-post-type/theme/crop-images.php on line 19
[26-Jan-2021 09:33:28 UTC] PHP Warning:  getimagesize(/var/www/app/wp-content/uploads/2021/01/c1d69b8a-07-may-injection.jpg): failed to open stream: No such file or directory in /var/www/app/wp-content/plugins/stm-post-type/theme/crop-images.php on line 19
[26-Jan-2021 09:33:28 UTC] PHP Warning:  getimagesize(/var/www/app/wp-content/uploads/2021/01/c1d69b8a-07-may-injection.jpg): failed to open stream: No such file or directory in /var/www/app/wp-content/plugins/stm-post-type/theme/crop-images.php on line 19
[26-Jan-2021 09:50:34 UTC] PHP Notice:  Undefined variable: course_id in /var/www/app/wp-content/themes/masterstudy-child/front-page.php on line 74
[26-Jan-2021 09:50:34 UTC] PHP Notice:  Undefined variable: course_id in /var/www/app/wp-content/themes/masterstudy-child/front-page.php on line 326
[26-Jan-2021 09:50:34 UTC] PHP Notice:  Undefined variable: course_id in /var/www/app/wp-content/themes/masterstudy-child/front-page.php on line 327
[26-Jan-2021 09:50:34 UTC] PHP Notice:  Undefined variable: course_id in /var/www/app/wp-content/themes/masterstudy-child/front-page.php on line 326
[26-Jan-2021 09:50:34 UTC] PHP Notice:  Undefined variable: course_id in /var/www/app/wp-content/themes/masterstudy-child/front-page.php on line 327
[26-Jan-2021 09:50:34 UTC] PHP Notice:  Undefined variable: course_id in /var/www/app/wp-content/themes/masterstudy-child/front-page.php on line 326
[26-Jan-2021 09:50:34 UTC] PHP Notice:  Undefined variable: course_id in /var/www/app/wp-content/themes/masterstudy-child/front-page.php on line 327
[26-Jan-2021 09:50:34 UTC] PHP Notice:  Undefined variable: course_id in /var/www/app/wp-content/themes/masterstudy-child/front-page.php on line 326
[26-Jan-2021 09:50:34 UTC] PHP Notice:  Undefined variable: course_id in /var/www/app/wp-content/themes/masterstudy-child/front-page.php on line 327
[26-Jan-2021 09:50:34 UTC] PHP Deprecated:  wp_make_content_images_responsive is <strong>deprecated</strong> since version 5.5.0! Use wp_filter_content_tags() instead. in /var/www/app/wp-includes/functions.php on line 4777
[26-Jan-2021 09:50:34 UTC] PHP Deprecated:  wp_make_content_images_responsive is <strong>deprecated</strong> since version 5.5.0! Use wp_filter_content_tags() instead. in /var/www/app/wp-includes/functions.php on line 4777
[26-Jan-2021 09:50:34 UTC] PHP Deprecated:  wp_make_content_images_responsive is <strong>deprecated</strong> since version 5.5.0! Use wp_filter_content_tags() instead. in /var/www/app/wp-includes/functions.php on line 4777
[26-Jan-2021 09:50:34 UTC] PHP Warning:  getimagesize(/var/www/app/wp-content/uploads/2021/01/94e39890-03-may-beauty-trend.jpg): failed to open stream: No such file or directory in /var/www/app/wp-content/plugins/stm-post-type/theme/crop-images.php on line 19
[26-Jan-2021 09:50:34 UTC] PHP Warning:  getimagesize(/var/www/app/wp-content/uploads/2021/01/94e39890-03-may-beauty-trend.jpg): failed to open stream: No such file or directory in /var/www/app/wp-content/plugins/stm-post-type/theme/crop-images.php on line 19
[26-Jan-2021 09:50:34 UTC] PHP Warning:  getimagesize(/var/www/app/wp-content/uploads/2021/01/94e39890-03-may-beauty-trend.jpg): failed to open stream: No such file or directory in /var/www/app/wp-content/plugins/stm-post-type/theme/crop-images.php on line 19
[26-Jan-2021 09:50:34 UTC] PHP Warning:  getimagesize(/var/www/app/wp-content/uploads/2021/01/ae90c565-05-may-natural-beauty.jpg): failed to open stream: No such file or directory in /var/www/app/wp-content/plugins/stm-post-type/theme/crop-images.php on line 19
[26-Jan-2021 09:50:34 UTC] PHP Warning:  getimagesize(/var/www/app/wp-content/uploads/2021/01/ae90c565-05-may-natural-beauty.jpg): failed to open stream: No such file or directory in /var/www/app/wp-content/plugins/stm-post-type/theme/crop-images.php on line 19
[26-Jan-2021 09:50:34 UTC] PHP Warning:  getimagesize(/var/www/app/wp-content/uploads/2021/01/ae90c565-05-may-natural-beauty.jpg): failed to open stream: No such file or directory in /var/www/app/wp-content/plugins/stm-post-type/theme/crop-images.php on line 19
[26-Jan-2021 09:50:34 UTC] PHP Warning:  getimagesize(/var/www/app/wp-content/uploads/2021/01/c1d69b8a-07-may-injection.jpg): failed to open stream: No such file or directory in /var/www/app/wp-content/plugins/stm-post-type/theme/crop-images.php on line 19
[26-Jan-2021 09:50:34 UTC] PHP Warning:  getimagesize(/var/www/app/wp-content/uploads/2021/01/c1d69b8a-07-may-injection.jpg): failed to open stream: No such file or directory in /var/www/app/wp-content/plugins/stm-post-type/theme/crop-images.php on line 19
[26-Jan-2021 09:50:34 UTC] PHP Warning:  getimagesize(/var/www/app/wp-content/uploads/2021/01/c1d69b8a-07-may-injection.jpg): failed to open stream: No such file or directory in /var/www/app/wp-content/plugins/stm-post-type/theme/crop-images.php on line 19
[26-Jan-2021 09:56:04 UTC] PHP Parse error:  syntax error, unexpected end of file in /var/www/app/wp-content/plugins/buddypress/bp-templates/bp-nouveau/buddypress/members/single/home.php on line 435
[26-Jan-2021 09:56:08 UTC] PHP Notice:  Undefined variable: course_id in /var/www/app/wp-content/themes/masterstudy-child/front-page.php on line 74
[26-Jan-2021 09:56:08 UTC] PHP Notice:  Undefined variable: user_id in /var/www/app/wp-content/themes/masterstudy-child/navi.php on line 19
[26-Jan-2021 09:56:08 UTC] PHP Notice:  Undefined variable: course_id in /var/www/app/wp-content/themes/masterstudy-child/front-page.php on line 326
[26-Jan-2021 09:56:08 UTC] PHP Notice:  Undefined variable: course_id in /var/www/app/wp-content/themes/masterstudy-child/front-page.php on line 327
[26-Jan-2021 09:56:08 UTC] PHP Notice:  Undefined variable: course_id in /var/www/app/wp-content/themes/masterstudy-child/front-page.php on line 326
[26-Jan-2021 09:56:08 UTC] PHP Notice:  Undefined variable: course_id in /var/www/app/wp-content/themes/masterstudy-child/front-page.php on line 327
[26-Jan-2021 09:56:08 UTC] PHP Notice:  Undefined variable: course_id in /var/www/app/wp-content/themes/masterstudy-child/front-page.php on line 326
[26-Jan-2021 09:56:08 UTC] PHP Notice:  Undefined variable: course_id in /var/www/app/wp-content/themes/masterstudy-child/front-page.php on line 327
[26-Jan-2021 09:56:08 UTC] PHP Notice:  Undefined variable: course_id in /var/www/app/wp-content/themes/masterstudy-child/front-page.php on line 326
[26-Jan-2021 09:56:08 UTC] PHP Notice:  Undefined variable: course_id in /var/www/app/wp-content/themes/masterstudy-child/front-page.php on line 327
[26-Jan-2021 09:56:08 UTC] PHP Deprecated:  wp_make_content_images_responsive is <strong>deprecated</strong> since version 5.5.0! Use wp_filter_content_tags() instead. in /var/www/app/wp-includes/functions.php on line 4777
[26-Jan-2021 09:56:08 UTC] PHP Deprecated:  wp_make_content_images_responsive is <strong>deprecated</strong> since version 5.5.0! Use wp_filter_content_tags() instead. in /var/www/app/wp-includes/functions.php on line 4777
[26-Jan-2021 09:56:08 UTC] PHP Deprecated:  wp_make_content_images_responsive is <strong>deprecated</strong> since version 5.5.0! Use wp_filter_content_tags() instead. in /var/www/app/wp-includes/functions.php on line 4777
[26-Jan-2021 09:56:08 UTC] PHP Warning:  getimagesize(/var/www/app/wp-content/uploads/2021/01/94e39890-03-may-beauty-trend.jpg): failed to open stream: No such file or directory in /var/www/app/wp-content/plugins/stm-post-type/theme/crop-images.php on line 19
[26-Jan-2021 09:56:08 UTC] PHP Warning:  getimagesize(/var/www/app/wp-content/uploads/2021/01/94e39890-03-may-beauty-trend.jpg): failed to open stream: No such file or directory in /var/www/app/wp-content/plugins/stm-post-type/theme/crop-images.php on line 19
[26-Jan-2021 09:56:08 UTC] PHP Warning:  getimagesize(/var/www/app/wp-content/uploads/2021/01/94e39890-03-may-beauty-trend.jpg): failed to open stream: No such file or directory in /var/www/app/wp-content/plugins/stm-post-type/theme/crop-images.php on line 19
[26-Jan-2021 09:56:08 UTC] PHP Warning:  getimagesize(/var/www/app/wp-content/uploads/2021/01/ae90c565-05-may-natural-beauty.jpg): failed to open stream: No such file or directory in /var/www/app/wp-content/plugins/stm-post-type/theme/crop-images.php on line 19
[26-Jan-2021 09:56:08 UTC] PHP Warning:  getimagesize(/var/www/app/wp-content/uploads/2021/01/ae90c565-05-may-natural-beauty.jpg): failed to open stream: No such file or directory in /var/www/app/wp-content/plugins/stm-post-type/theme/crop-images.php on line 19
[26-Jan-2021 09:56:08 UTC] PHP Warning:  getimagesize(/var/www/app/wp-content/uploads/2021/01/ae90c565-05-may-natural-beauty.jpg): failed to open stream: No such file or directory in /var/www/app/wp-content/plugins/stm-post-type/theme/crop-images.php on line 19
[26-Jan-2021 09:56:08 UTC] PHP Warning:  getimagesize(/var/www/app/wp-content/uploads/2021/01/c1d69b8a-07-may-injection.jpg): failed to open stream: No such file or directory in /var/www/app/wp-content/plugins/stm-post-type/theme/crop-images.php on line 19
[26-Jan-2021 09:56:08 UTC] PHP Warning:  getimagesize(/var/www/app/wp-content/uploads/2021/01/c1d69b8a-07-may-injection.jpg): failed to open stream: No such file or directory in /var/www/app/wp-content/plugins/stm-post-type/theme/crop-images.php on line 19
[26-Jan-2021 09:56:08 UTC] PHP Warning:  getimagesize(/var/www/app/wp-content/uploads/2021/01/c1d69b8a-07-may-injection.jpg): failed to open stream: No such file or directory in /var/www/app/wp-content/plugins/stm-post-type/theme/crop-images.php on line 19
